<?xml version="1.0" encoding="UTF-8"?>
<!-- Generated by org.testng.reporters.JUnitReportReporter -->
<testsuite hostname="DESKTOP-GHF380V" failures="0" tests="1" name="com.test.SearchPageTest" time="41.568" errors="0" timestamp="2024-12-08T23:06:54 IST" skipped="0">
  <testcase classname="com.test.SearchPageTest" name="TC_03" time="41.568"/>
</testsuite> <!-- com.test.SearchPageTest -->
