<?xml version="1.0" encoding="UTF-8"?>
<!-- Generated by org.testng.reporters.JUnitReportReporter -->
<testsuite hostname="DESKTOP-GHF380V" failures="0" tests="2" name="com.test.LoginTest" time="13.480" errors="0" timestamp="2024-12-08T14:52:00 IST" skipped="1">
  <testcase classname="com.test.LoginTest" name="TC_02_closeLoginPage" time="13.480"/>
  <testcase classname="com.test.LoginTest" name="TC_001_verifyLogin">
    <skipped/>
  </testcase> <!-- TC_001_verifyLogin -->
</testsuite> <!-- com.test.LoginTest -->
